<?xml version="1.0" encoding="UTF-8"?>
<!-- Generated by org.testng.reporters.JUnitReportReporter -->
<testsuite hostname="fv-az444-328" failures="0" tests="4" name="uiplayground.tests.UiTestingPlaygroundTests" time="3.040" errors="0" timestamp="2023-01-14T19:48:51 UTC" skipped="0">
  <testcase classname="uiplayground.tests.UiTestingPlaygroundTests" name="sampleAppPageTest" time="0.559"/>
  <system-out/>
  <testcase classname="uiplayground.tests.UiTestingPlaygroundTests" name="overlappedElementPageTest" time="0.470"/>
  <system-out/>
  <testcase classname="uiplayground.tests.UiTestingPlaygroundTests" name="dynamicIdPageTest" time="1.275"/>
  <system-out/>
  <testcase classname="uiplayground.tests.UiTestingPlaygroundTests" name="dynamicTablePageTest" time="0.736"/>
  <system-out/>
</testsuite> <!-- uiplayground.tests.UiTestingPlaygroundTests -->
