<?xml version="1.0" encoding="UTF-8"?>
<!-- Generated by org.testng.reporters.JUnitReportReporter -->
<testsuite hostname="fv-az397-345" failures="0" tests="4" name="uiplayground.tests.UiTestingPlaygroundTests" time="1.990" errors="0" timestamp="2023-01-14T19:36:08 UTC" skipped="0">
  <testcase classname="uiplayground.tests.UiTestingPlaygroundTests" name="sampleAppPageTest" time="0.389"/>
  <system-out/>
  <testcase classname="uiplayground.tests.UiTestingPlaygroundTests" name="dynamicTablePageTest" time="0.582"/>
  <system-out/>
  <testcase classname="uiplayground.tests.UiTestingPlaygroundTests" name="dynamicIdPageTest" time="0.695"/>
  <system-out/>
  <testcase classname="uiplayground.tests.UiTestingPlaygroundTests" name="overlappedElementPageTest" time="0.324"/>
  <system-out/>
</testsuite> <!-- uiplayground.tests.UiTestingPlaygroundTests -->
