<?xml version="1.0" encoding="UTF-8"?>
<!-- Generated by org.testng.reporters.JUnitReportReporter -->
<<<<<<< HEAD
<testsuite hostname="DESKTOP-4BKBI4A" failures="0" tests="6" name="org.spritecloud.petstoreapi.tests.PetApiTests" time="11.906" errors="0" timestamp="2023-01-14T21:08:51 EET" skipped="0">
  <testcase classname="org.spritecloud.petstoreapi.tests.PetApiTests" name="addPetTest" time="4.787"/>
  <system-out/>
  <testcase classname="org.spritecloud.petstoreapi.tests.PetApiTests" name="getPetTest" time="0.935"/>
  <system-out/>
  <testcase classname="org.spritecloud.petstoreapi.tests.PetApiTests" name="updatePetTest" time="2.788"/>
  <system-out/>
  <testcase classname="org.spritecloud.petstoreapi.tests.PetApiTests" name="getUpdatedPetTest" time="1.457"/>
  <system-out/>
  <testcase classname="org.spritecloud.petstoreapi.tests.PetApiTests" name="deletePetTest" time="1.037"/>
  <system-out/>
  <testcase classname="org.spritecloud.petstoreapi.tests.PetApiTests" name="deleteDeletedPetTest" time="0.902"/>
=======
<testsuite hostname="fv-az396-160" failures="0" tests="6" name="org.spritecloud.petstoreapi.tests.PetApiTests" time="4.018" errors="0" timestamp="2023-01-14T19:44:37 UTC" skipped="0">
  <testcase classname="org.spritecloud.petstoreapi.tests.PetApiTests" name="addPetTest" time="2.057"/>
  <system-out/>
  <testcase classname="org.spritecloud.petstoreapi.tests.PetApiTests" name="getPetTest" time="0.308"/>
  <system-out/>
  <testcase classname="org.spritecloud.petstoreapi.tests.PetApiTests" name="updatePetTest" time="0.821"/>
  <system-out/>
  <testcase classname="org.spritecloud.petstoreapi.tests.PetApiTests" name="getUpdatedPetTest" time="0.250"/>
  <system-out/>
  <testcase classname="org.spritecloud.petstoreapi.tests.PetApiTests" name="deletePetTest" time="0.351"/>
  <system-out/>
  <testcase classname="org.spritecloud.petstoreapi.tests.PetApiTests" name="deleteDeletedPetTest" time="0.231"/>
>>>>>>> f77944202720906ed3aed2dfc7572223608dcae3
  <system-out/>
</testsuite> <!-- org.spritecloud.petstoreapi.tests.PetApiTests -->
