<?xml version="1.0" encoding="UTF-8"?>
<!-- Generated by org.testng.reporters.JUnitReportReporter -->
<testsuite hostname="fv-az444-328" failures="0" tests="6" name="org.spritecloud.petstoreapi.tests.PetApiTests" time="3.989" errors="0" timestamp="2023-01-14T19:48:51 UTC" skipped="0">
  <testcase classname="org.spritecloud.petstoreapi.tests.PetApiTests" name="addPetTest" time="1.696"/>
  <system-out/>
  <testcase classname="org.spritecloud.petstoreapi.tests.PetApiTests" name="getPetTest" time="0.369"/>
  <system-out/>
  <testcase classname="org.spritecloud.petstoreapi.tests.PetApiTests" name="updatePetTest" time="0.888"/>
  <system-out/>
  <testcase classname="org.spritecloud.petstoreapi.tests.PetApiTests" name="getUpdatedPetTest" time="0.367"/>
  <system-out/>
  <testcase classname="org.spritecloud.petstoreapi.tests.PetApiTests" name="deletePetTest" time="0.344"/>
  <system-out/>
  <testcase classname="org.spritecloud.petstoreapi.tests.PetApiTests" name="deleteDeletedPetTest" time="0.325"/>
  <system-out/>
</testsuite> <!-- org.spritecloud.petstoreapi.tests.PetApiTests -->
