<?xml version="1.0" encoding="UTF-8"?>
<!-- Generated by org.testng.reporters.JUnitReportReporter -->
<testsuite hostname="fv-az586-709" failures="0" tests="4" name="uiplayground.tests.UiTestingPlaygroundTests" time="3.243" errors="0" timestamp="2023-01-14T16:51:28 UTC" skipped="0">
  <testcase classname="uiplayground.tests.UiTestingPlaygroundTests" name="overlappedElementPageTest" time="0.509"/>
  <system-out/>
  <testcase classname="uiplayground.tests.UiTestingPlaygroundTests" name="sampleAppPageTest" time="0.565"/>
  <system-out/>
  <testcase classname="uiplayground.tests.UiTestingPlaygroundTests" name="dynamicIdPageTest" time="1.509"/>
  <system-out/>
  <testcase classname="uiplayground.tests.UiTestingPlaygroundTests" name="dynamicTablePageTest" time="0.660"/>
  <system-out/>
</testsuite> <!-- uiplayground.tests.UiTestingPlaygroundTests -->
