<?xml version="1.0" encoding="UTF-8"?>
<!-- Generated by org.testng.reporters.JUnitReportReporter -->
<testsuite hostname="fv-az741-638" failures="0" tests="4" name="uiplayground.tests.UiTestingPlaygroundTests" time="2.566" errors="0" timestamp="2023-01-14T18:17:10 UTC" skipped="0">
  <testcase classname="uiplayground.tests.UiTestingPlaygroundTests" name="dynamicTablePageTest" time="0.613"/>
  <system-out/>
  <testcase classname="uiplayground.tests.UiTestingPlaygroundTests" name="dynamicIdPageTest" time="1.041"/>
  <system-out/>
  <testcase classname="uiplayground.tests.UiTestingPlaygroundTests" name="sampleAppPageTest" time="0.494"/>
  <system-out/>
  <testcase classname="uiplayground.tests.UiTestingPlaygroundTests" name="overlappedElementPageTest" time="0.418"/>
  <system-out/>
</testsuite> <!-- uiplayground.tests.UiTestingPlaygroundTests -->
