<?xml version="1.0" encoding="UTF-8"?>
<!-- Generated by org.testng.reporters.JUnitReportReporter -->
<testsuite hostname="fv-az589-687" failures="0" tests="6" name="org.spritecloud.petstoreapi.tests.PetApiTests" time="2.795" errors="0" timestamp="2023-01-14T15:53:41 UTC" skipped="0">
  <testcase classname="org.spritecloud.petstoreapi.tests.PetApiTests" name="addPetTest" time="1.731"/>
  <system-out/>
  <testcase classname="org.spritecloud.petstoreapi.tests.PetApiTests" name="getPetTest" time="0.139"/>
  <system-out/>
  <testcase classname="org.spritecloud.petstoreapi.tests.PetApiTests" name="updatePetTest" time="0.598"/>
  <system-out/>
  <testcase classname="org.spritecloud.petstoreapi.tests.PetApiTests" name="getUpdatedPetTest" time="0.098"/>
  <system-out/>
  <testcase classname="org.spritecloud.petstoreapi.tests.PetApiTests" name="deletePetTest" time="0.132"/>
  <system-out/>
  <testcase classname="org.spritecloud.petstoreapi.tests.PetApiTests" name="deleteDeletedPetTest" time="0.097"/>
  <system-out/>
</testsuite> <!-- org.spritecloud.petstoreapi.tests.PetApiTests -->
