<?xml version="1.0" encoding="UTF-8"?>
<!-- Generated by org.testng.reporters.JUnitReportReporter -->
<testsuite hostname="fv-az397-345" failures="0" tests="6" name="org.spritecloud.petstoreapi.tests.PetApiTests" time="3.530" errors="0" timestamp="2023-01-14T19:36:08 UTC" skipped="0">
  <testcase classname="org.spritecloud.petstoreapi.tests.PetApiTests" name="addPetTest" time="1.644"/>
  <system-out/>
  <testcase classname="org.spritecloud.petstoreapi.tests.PetApiTests" name="getPetTest" time="0.312"/>
  <system-out/>
  <testcase classname="org.spritecloud.petstoreapi.tests.PetApiTests" name="updatePetTest" time="0.774"/>
  <system-out/>
  <testcase classname="org.spritecloud.petstoreapi.tests.PetApiTests" name="getUpdatedPetTest" time="0.259"/>
  <system-out/>
  <testcase classname="org.spritecloud.petstoreapi.tests.PetApiTests" name="deletePetTest" time="0.279"/>
  <system-out/>
  <testcase classname="org.spritecloud.petstoreapi.tests.PetApiTests" name="deleteDeletedPetTest" time="0.262"/>
  <system-out/>
</testsuite> <!-- org.spritecloud.petstoreapi.tests.PetApiTests -->
