<?xml version="1.0" encoding="UTF-8"?>
<!-- Generated by org.testng.reporters.JUnitReportReporter -->
<<<<<<< HEAD
<testsuite hostname="DESKTOP-4BKBI4A" failures="0" tests="4" name="uiplayground.tests.UiTestingPlaygroundTests" time="27.487" errors="0" timestamp="2023-01-14T21:08:51 EET" skipped="0">
  <testcase classname="uiplayground.tests.UiTestingPlaygroundTests" name="dynamicIdPageTest" time="23.612"/>
  <system-out/>
  <testcase classname="uiplayground.tests.UiTestingPlaygroundTests" name="dynamicTablePageTest" time="1.660"/>
  <system-out/>
  <testcase classname="uiplayground.tests.UiTestingPlaygroundTests" name="overlappedElementPageTest" time="1.027"/>
  <system-out/>
  <testcase classname="uiplayground.tests.UiTestingPlaygroundTests" name="sampleAppPageTest" time="1.188"/>
=======
<testsuite hostname="fv-az396-160" failures="0" tests="4" name="uiplayground.tests.UiTestingPlaygroundTests" time="2.886" errors="0" timestamp="2023-01-14T19:44:37 UTC" skipped="0">
  <testcase classname="uiplayground.tests.UiTestingPlaygroundTests" name="dynamicTablePageTest" time="0.579"/>
  <system-out/>
  <testcase classname="uiplayground.tests.UiTestingPlaygroundTests" name="dynamicIdPageTest" time="1.322"/>
  <system-out/>
  <testcase classname="uiplayground.tests.UiTestingPlaygroundTests" name="overlappedElementPageTest" time="0.523"/>
  <system-out/>
  <testcase classname="uiplayground.tests.UiTestingPlaygroundTests" name="sampleAppPageTest" time="0.462"/>
>>>>>>> f77944202720906ed3aed2dfc7572223608dcae3
  <system-out/>
</testsuite> <!-- uiplayground.tests.UiTestingPlaygroundTests -->
