<?xml version="1.0" encoding="UTF-8"?>
<!-- Generated by org.testng.reporters.JUnitReportReporter -->
<testsuite hostname="fv-az741-638" failures="0" tests="6" name="org.spritecloud.petstoreapi.tests.PetApiTests" time="4.029" errors="0" timestamp="2023-01-14T18:17:10 UTC" skipped="0">
  <testcase classname="org.spritecloud.petstoreapi.tests.PetApiTests" name="addPetTest" time="1.791"/>
  <system-out/>
  <testcase classname="org.spritecloud.petstoreapi.tests.PetApiTests" name="getPetTest" time="0.355"/>
  <system-out/>
  <testcase classname="org.spritecloud.petstoreapi.tests.PetApiTests" name="updatePetTest" time="0.819"/>
  <system-out/>
  <testcase classname="org.spritecloud.petstoreapi.tests.PetApiTests" name="getUpdatedPetTest" time="0.361"/>
  <system-out/>
  <testcase classname="org.spritecloud.petstoreapi.tests.PetApiTests" name="deletePetTest" time="0.346"/>
  <system-out/>
  <testcase classname="org.spritecloud.petstoreapi.tests.PetApiTests" name="deleteDeletedPetTest" time="0.357"/>
  <system-out/>
</testsuite> <!-- org.spritecloud.petstoreapi.tests.PetApiTests -->
