<?xml version="1.0" encoding="UTF-8"?>
<!-- Generated by org.testng.reporters.JUnitReportReporter -->
<<<<<<< HEAD
<testsuite hostname="DESKTOP-4BKBI4A" failures="0" tests="4" name="uiplayground.tests.UiTestingPlaygroundTests" time="5.932" errors="0" timestamp="2023-01-14T19:35:25 EET" skipped="0">
  <testcase classname="uiplayground.tests.UiTestingPlaygroundTests" name="dynamicTablePageTest" time="1.323"/>
  <system-out/>
  <testcase classname="uiplayground.tests.UiTestingPlaygroundTests" name="dynamicIdPageTest" time="2.517"/>
  <system-out/>
  <testcase classname="uiplayground.tests.UiTestingPlaygroundTests" name="overlappedElementPageTest" time="0.990"/>
  <system-out/>
  <testcase classname="uiplayground.tests.UiTestingPlaygroundTests" name="sampleAppPageTest" time="1.102"/>
=======
<testsuite hostname="fv-az642-566" failures="0" tests="4" name="uiplayground.tests.UiTestingPlaygroundTests" time="3.436" errors="0" timestamp="2023-01-14T16:52:45 UTC" skipped="0">
  <testcase classname="uiplayground.tests.UiTestingPlaygroundTests" name="sampleAppPageTest" time="0.591"/>
  <system-out/>
  <testcase classname="uiplayground.tests.UiTestingPlaygroundTests" name="overlappedElementPageTest" time="0.525"/>
  <system-out/>
  <testcase classname="uiplayground.tests.UiTestingPlaygroundTests" name="dynamicTablePageTest" time="0.697"/>
  <system-out/>
  <testcase classname="uiplayground.tests.UiTestingPlaygroundTests" name="dynamicIdPageTest" time="1.623"/>
>>>>>>> 7406abf707a071f1e33f52ba8ccb8345de9d50b9
  <system-out/>
</testsuite> <!-- uiplayground.tests.UiTestingPlaygroundTests -->
